  game_server.cpp
C:\Users\Lenovo\Desktop\codingon_sf3\chatting_project\game_server\game_server.cpp(126,15): warning C4244: '인수': 'time_t'에서 'unsigned int'(으)로 변환하면서 데이터가 손실될 수 있습니다.
C:\Users\Lenovo\Desktop\codingon_sf3\chatting_project\game_server\game_server.cpp(224,60): warning C4267: '인수': 'size_t'에서 'int'(으)로 변환하면서 데이터가 손실될 수 있습니다.
C:\Users\Lenovo\Desktop\codingon_sf3\chatting_project\game_server\game_server.cpp(247,60): warning C4267: '인수': 'size_t'에서 'int'(으)로 변환하면서 데이터가 손실될 수 있습니다.
C:\Users\Lenovo\Desktop\codingon_sf3\chatting_project\game_server\game_server.cpp(318,55): warning C4267: '인수': 'size_t'에서 'int'(으)로 변환하면서 데이터가 손실될 수 있습니다.
C:\Users\Lenovo\Desktop\codingon_sf3\chatting_project\game_server\game_server.cpp(327,63): warning C4267: '인수': 'size_t'에서 'int'(으)로 변환하면서 데이터가 손실될 수 있습니다.
     C:\Users\Lenovo\Desktop\codingon_sf3\chatting_project\x64\Release\game_server.lib 라이브러리 및 C:\Users\Lenovo\Desktop\codingon_sf3\chatting_project\x64\Release\game_server.exp 개체를 생성하고 있습니다.
  코드를 생성하고 있습니다.
  Previous IPDB and IOBJ mismatch, fall back to full compilation.
  All 445 functions were compiled because no usable IPDB/IOBJ from previous compilation was found.
  코드를 생성했습니다.
mysqlcppconn-static.lib(mysql_driver.obj) : warning LNK4099: '' PDB를 'mysqlcppconn-static.lib(mysql_driver.obj)' 또는 ''에서 찾을 수 없습니다. 디버그 정보가 없는 것처럼 개체를 링크합니다.
mysqlcppconn-static.lib(mysql_connection.obj) : warning LNK4099: '' PDB를 'mysqlcppconn-static.lib(mysql_connection.obj)' 또는 ''에서 찾을 수 없습니다. 디버그 정보가 없는 것처럼 개체를 링크합니다.
mysqlcppconn-static.lib(mysql_native_driver_wrapper.obj) : warning LNK4099: '' PDB를 'mysqlcppconn-static.lib(mysql_native_driver_wrapper.obj)' 또는 ''에서 찾을 수 없습니다. 디버그 정보가 없는 것처럼 개체를 링크합니다.
mysqlcppconn-static.lib(mysql_uri.obj) : warning LNK4099: '' PDB를 'mysqlcppconn-static.lib(mysql_uri.obj)' 또는 ''에서 찾을 수 없습니다. 디버그 정보가 없는 것처럼 개체를 링크합니다.
mysqlcppconn-static.lib(mysql_metadata.obj) : warning LNK4099: '' PDB를 'mysqlcppconn-static.lib(mysql_metadata.obj)' 또는 ''에서 찾을 수 없습니다. 디버그 정보가 없는 것처럼 개체를 링크합니다.
mysqlcppconn-static.lib(mysql_warning.obj) : warning LNK4099: '' PDB를 'mysqlcppconn-static.lib(mysql_warning.obj)' 또는 ''에서 찾을 수 없습니다. 디버그 정보가 없는 것처럼 개체를 링크합니다.
mysqlcppconn-static.lib(mysql_prepared_statement.obj) : warning LNK4099: '' PDB를 'mysqlcppconn-static.lib(mysql_prepared_statement.obj)' 또는 ''에서 찾을 수 없습니다. 디버그 정보가 없는 것처럼 개체를 링크합니다.
mysqlcppconn-static.lib(mysql_statement.obj) : warning LNK4099: '' PDB를 'mysqlcppconn-static.lib(mysql_statement.obj)' 또는 ''에서 찾을 수 없습니다. 디버그 정보가 없는 것처럼 개체를 링크합니다.
mysqlcppconn-static.lib(mysql_debug.obj) : warning LNK4099: '' PDB를 'mysqlcppconn-static.lib(mysql_debug.obj)' 또는 ''에서 찾을 수 없습니다. 디버그 정보가 없는 것처럼 개체를 링크합니다.
mysqlcppconn-static.lib(mysql_client_api.obj) : warning LNK4099: '' PDB를 'mysqlcppconn-static.lib(mysql_client_api.obj)' 또는 ''에서 찾을 수 없습니다. 디버그 정보가 없는 것처럼 개체를 링크합니다.
mysqlcppconn-static.lib(mysql_native_connection_wrapper.obj) : warning LNK4099: '' PDB를 'mysqlcppconn-static.lib(mysql_native_connection_wrapper.obj)' 또는 ''에서 찾을 수 없습니다. 디버그 정보가 없는 것처럼 개체를 링크합니다.
mysqlcppconn-static.lib(mysql_util.obj) : warning LNK4099: '' PDB를 'mysqlcppconn-static.lib(mysql_util.obj)' 또는 ''에서 찾을 수 없습니다. 디버그 정보가 없는 것처럼 개체를 링크합니다.
mysqlcppconn-static.lib(mysql_art_resultset.obj) : warning LNK4099: '' PDB를 'mysqlcppconn-static.lib(mysql_art_resultset.obj)' 또는 ''에서 찾을 수 없습니다. 디버그 정보가 없는 것처럼 개체를 링크합니다.
mysqlcppconn-static.lib(mysql_resultbind.obj) : warning LNK4099: '' PDB를 'mysqlcppconn-static.lib(mysql_resultbind.obj)' 또는 ''에서 찾을 수 없습니다. 디버그 정보가 없는 것처럼 개체를 링크합니다.
mysqlcppconn-static.lib(mysql_ps_resultset.obj) : warning LNK4099: '' PDB를 'mysqlcppconn-static.lib(mysql_ps_resultset.obj)' 또는 ''에서 찾을 수 없습니다. 디버그 정보가 없는 것처럼 개체를 링크합니다.
mysqlcppconn-static.lib(mysql_ps_resultset_metadata.obj) : warning LNK4099: '' PDB를 'mysqlcppconn-static.lib(mysql_ps_resultset_metadata.obj)' 또는 ''에서 찾을 수 없습니다. 디버그 정보가 없는 것처럼 개체를 링크합니다.
mysqlcppconn-static.lib(mysql_parameter_metadata.obj) : warning LNK4099: '' PDB를 'mysqlcppconn-static.lib(mysql_parameter_metadata.obj)' 또는 ''에서 찾을 수 없습니다. 디버그 정보가 없는 것처럼 개체를 링크합니다.
mysqlcppconn-static.lib(mysql_resultset.obj) : warning LNK4099: '' PDB를 'mysqlcppconn-static.lib(mysql_resultset.obj)' 또는 ''에서 찾을 수 없습니다. 디버그 정보가 없는 것처럼 개체를 링크합니다.
mysqlcppconn-static.lib(mysql_native_resultset_wrapper.obj) : warning LNK4099: '' PDB를 'mysqlcppconn-static.lib(mysql_native_resultset_wrapper.obj)' 또는 ''에서 찾을 수 없습니다. 디버그 정보가 없는 것처럼 개체를 링크합니다.
mysqlcppconn-static.lib(mysql_native_statement_wrapper.obj) : warning LNK4099: '' PDB를 'mysqlcppconn-static.lib(mysql_native_statement_wrapper.obj)' 또는 ''에서 찾을 수 없습니다. 디버그 정보가 없는 것처럼 개체를 링크합니다.
mysqlcppconn-static.lib(mysql_art_rset_metadata.obj) : warning LNK4099: '' PDB를 'mysqlcppconn-static.lib(mysql_art_rset_metadata.obj)' 또는 ''에서 찾을 수 없습니다. 디버그 정보가 없는 것처럼 개체를 링크합니다.
mysqlcppconn-static.lib(mysql_resultset_metadata.obj) : warning LNK4099: '' PDB를 'mysqlcppconn-static.lib(mysql_resultset_metadata.obj)' 또는 ''에서 찾을 수 없습니다. 디버그 정보가 없는 것처럼 개체를 링크합니다.
  game_server.vcxproj -> C:\Users\Lenovo\Desktop\codingon_sf3\chatting_project\x64\Release\game_server.exe
